<?xml version="1.0" encoding="UTF-8"?>
<!-- Generated by org.testng.reporters.JUnitReportReporter -->
<testsuite hostname="DESKTOP-TP7LJUJ" failures="0" tests="2" name="testRunner.MyRunner" time="73.022" errors="0" timestamp="2024-12-22T21:27:48 IST" skipped="0">
  <testcase classname="testRunner.MyRunner" name="runScenario" time="21.831"/>
  <testcase classname="testRunner.MyRunner" name="runScenario" time="51.191"/>
</testsuite> <!-- testRunner.MyRunner -->
